<?xml version="1.0" encoding="UTF-8"?>
<!-- Generated by org.testng.reporters.JUnitXMLReporter -->
<testsuite ignored="0" hostname="NZTRLPT63" failures="1" tests="5" name="OwnershipTransferSNS" time="59.665" errors="0" timestamp="2023-03-13T14:16:41 NZDT">
  <testcase classname="SNSSmokeGIT.SNSSmokeGITTests.OwnershipTransferSNSTest" name="SearchingandTransferringHorse" time="8.256"/>
  <testcase classname="SNSSmokeGIT.SNSSmokeGITTests.OwnershipTransferSNSTest" name="TransferApplicationDetailsandAddressvalidation" time="3.693"/>
  <testcase classname="SNSSmokeGIT.SNSSmokeGITTests.OwnershipTransferSNSTest" name="AddingRacingManagersandOwners" time="4.723"/>
  <testcase classname="SNSSmokeGIT.SNSSmokeGITTests.OwnershipTransferSNSTest" name="AddingandAcceptingPayment" time="24.47"/>
  <testcase classname="SNSSmokeGIT.SNSSmokeGITTests.OwnershipTransferSNSTest" name="BankAccountApproval" time="0.048">
    <failure type="org.openqa.selenium.NoSuchFrameException" message="No frame element found by name or id menu
Build info: version: &amp;apos;4.8.0&amp;apos;, revision: &amp;apos;267030adea&amp;apos;
System info: os.name: &amp;apos;Windows 10&amp;apos;, os.arch: &amp;apos;amd64&amp;apos;, os.version: &amp;apos;10.0&amp;apos;, java.version: &amp;apos;17.0.6&amp;apos;
Driver info: driver.version: unknown">
      <![CDATA[org.openqa.selenium.NoSuchFrameException: No frame element found by name or id menu
Build info: version: '4.8.0', revision: '267030adea'
System info: os.name: 'Windows 10', os.arch: 'amd64', os.version: '10.0', java.version: '17.0.6'
Driver info: driver.version: unknown
at org.openqa.selenium.remote.RemoteWebDriver$RemoteTargetLocator.frame(RemoteWebDriver.java:1015)
at SNSSmokeGIT.SNSSmokeGITTests.OwnershipTransferSNSTest.BankAccountApproval(OwnershipTransferSNSTest.java:274)
at java.base/java.util.ArrayList.forEach(ArrayList.java:1511)
... Removed 27 stack frames]]>
    </failure>
  </testcase> <!-- BankAccountApproval -->
</testsuite> <!-- OwnershipTransferSNS -->
